Build started 13.08.2013 12:06:01.
     1>Project "E:\Trainings\MyTrainingTechomatix\CsharpLessons\CCharpLessons\Test42\Test42.vcxproj" on node 2 (build target(s)).
     1>InitializeBuildStatus:
         Touching "Debug\Test42.unsuccessfulbuild".
       ClCompile:
         C:\Program Files\Microsoft Visual Studio 10.0\VC\bin\CL.exe /c /ZI /nologo /W3 /WX- /Od /Oy- /D WIN32 /D _DEBUG /D _CONSOLE /D _UNICODE /D UNICODE /Gm /EHsc /RTC1 /MDd /GS /fp:precise /Zc:wchar_t /Zc:forScope /Fo"Debug\\" /Fd"Debug\vc100.pdb" /Gd /TP /analyze- /errorReport:prompt Test42.cpp
         Test42.cpp
       ManifestResourceCompile:
         All outputs are up-to-date.
       Link:
         C:\Program Files\Microsoft Visual Studio 10.0\VC\bin\link.exe /ERRORREPORT:PROMPT /OUT:"E:\Trainings\MyTrainingTechomatix\CsharpLessons\CCharpLessons\Debug\Test42.exe" /INCREMENTAL /NOLOGO kernel32.lib user32.lib gdi32.lib winspool.lib comdlg32.lib advapi32.lib shell32.lib ole32.lib oleaut32.lib uuid.lib odbc32.lib odbccp32.lib /MANIFEST /ManifestFile:"Debug\Test42.exe.intermediate.manifest" /MANIFESTUAC:"level='asInvoker' uiAccess='false'" /DEBUG /PDB:"E:\Trainings\MyTrainingTechomatix\CsharpLessons\CCharpLessons\Debug\Test42.pdb" /SUBSYSTEM:CONSOLE /TLBID:1 /DYNAMICBASE /NXCOMPAT /IMPLIB:"E:\Trainings\MyTrainingTechomatix\CsharpLessons\CCharpLessons\Debug\Test42.lib" /MACHINE:X86 Debug\Test42.exe.embed.manifest.res
         Debug\stdafx.obj
         Debug\Test42.obj
     1>LINK : fatal error LNK1123: failure during conversion to COFF: file invalid or corrupt
     1>Done Building Project "E:\Trainings\MyTrainingTechomatix\CsharpLessons\CCharpLessons\Test42\Test42.vcxproj" (build target(s)) -- FAILED.

Build FAILED.

Time Elapsed 00:00:00.77
